<?xml version="1.0" encoding="UTF-8"?>
<testsuite xmlns:xsi="http://www.w3.org/2001/XMLSchema-instance" xsi:noNamespaceSchemaLocation="https://maven.apache.org/surefire/maven-surefire-plugin/xsd/surefire-test-report.xsd" name="com.xiushichao.websit.WebsitApplicationTests" time="3.539" tests="1" errors="0" skipped="0" failures="0">
  <properties>
    <property name="awt.toolkit" value="sun.awt.X11.XToolkit"/>
    <property name="file.encoding.pkg" value="sun.io"/>
    <property name="java.specification.version" value="1.8"/>
    <property name="sun.cpu.isalist" value=""/>
    <property name="sun.jnu.encoding" value="UTF-8"/>
    <property name="java.class.path" value="/home/xiushichao/workspace/websit/target/test-classes:/home/xiushichao/workspace/websit/target/classes:/home/xiushichao/maven/repo/org/springframework/boot/spring-boot-starter-web/2.7.10-SNAPSHOT/spring-boot-starter-web-2.7.10-SNAPSHOT.jar:/home/xiushichao/maven/repo/org/springframework/boot/spring-boot-starter/2.7.10-SNAPSHOT/spring-boot-starter-2.7.10-SNAPSHOT.jar:/home/xiushichao/maven/repo/org/springframework/boot/spring-boot/2.7.10-SNAPSHOT/spring-boot-2.7.10-SNAPSHOT.jar:/home/xiushichao/maven/repo/org/springframework/boot/spring-boot-autoconfigure/2.7.10-SNAPSHOT/spring-boot-autoconfigure-2.7.10-SNAPSHOT.jar:/home/xiushichao/maven/repo/org/springframework/boot/spring-boot-starter-logging/2.7.10-SNAPSHOT/spring-boot-starter-logging-2.7.10-SNAPSHOT.jar:/home/xiushichao/maven/repo/ch/qos/logback/logback-classic/1.2.11/logback-classic-1.2.11.jar:/home/xiushichao/maven/repo/ch/qos/logback/logback-core/1.2.11/logback-core-1.2.11.jar:/home/xiushichao/maven/repo/org/apache/logging/log4j/log4j-to-slf4j/2.17.2/log4j-to-slf4j-2.17.2.jar:/home/xiushichao/maven/repo/org/apache/logging/log4j/log4j-api/2.17.2/log4j-api-2.17.2.jar:/home/xiushichao/maven/repo/org/slf4j/jul-to-slf4j/1.7.36/jul-to-slf4j-1.7.36.jar:/home/xiushichao/maven/repo/jakarta/annotation/jakarta.annotation-api/1.3.5/jakarta.annotation-api-1.3.5.jar:/home/xiushichao/maven/repo/org/yaml/snakeyaml/1.30/snakeyaml-1.30.jar:/home/xiushichao/maven/repo/org/springframework/boot/spring-boot-starter-json/2.7.10-SNAPSHOT/spring-boot-starter-json-2.7.10-SNAPSHOT.jar:/home/xiushichao/maven/repo/com/fasterxml/jackson/core/jackson-databind/2.13.5/jackson-databind-2.13.5.jar:/home/xiushichao/maven/repo/com/fasterxml/jackson/core/jackson-annotations/2.13.5/jackson-annotations-2.13.5.jar:/home/xiushichao/maven/repo/com/fasterxml/jackson/core/jackson-core/2.13.5/jackson-core-2.13.5.jar:/home/xiushichao/maven/repo/com/fasterxml/jackson/datatype/jackson-datatype-jdk8/2.13.5/jackson-datatype-jdk8-2.13.5.jar:/home/xiushichao/maven/repo/com/fasterxml/jackson/datatype/jackson-datatype-jsr310/2.13.5/jackson-datatype-jsr310-2.13.5.jar:/home/xiushichao/maven/repo/com/fasterxml/jackson/module/jackson-module-parameter-names/2.13.5/jackson-module-parameter-names-2.13.5.jar:/home/xiushichao/maven/repo/org/springframework/boot/spring-boot-starter-tomcat/2.7.10-SNAPSHOT/spring-boot-starter-tomcat-2.7.10-SNAPSHOT.jar:/home/xiushichao/maven/repo/org/apache/tomcat/embed/tomcat-embed-core/9.0.71/tomcat-embed-core-9.0.71.jar:/home/xiushichao/maven/repo/org/apache/tomcat/embed/tomcat-embed-el/9.0.71/tomcat-embed-el-9.0.71.jar:/home/xiushichao/maven/repo/org/apache/tomcat/embed/tomcat-embed-websocket/9.0.71/tomcat-embed-websocket-9.0.71.jar:/home/xiushichao/maven/repo/org/springframework/spring-web/5.3.26-SNAPSHOT/spring-web-5.3.26-SNAPSHOT.jar:/home/xiushichao/maven/repo/org/springframework/spring-beans/5.3.26-SNAPSHOT/spring-beans-5.3.26-SNAPSHOT.jar:/home/xiushichao/maven/repo/org/springframework/spring-webmvc/5.3.26-SNAPSHOT/spring-webmvc-5.3.26-SNAPSHOT.jar:/home/xiushichao/maven/repo/org/springframework/spring-aop/5.3.26-SNAPSHOT/spring-aop-5.3.26-SNAPSHOT.jar:/home/xiushichao/maven/repo/org/springframework/spring-context/5.3.26-SNAPSHOT/spring-context-5.3.26-SNAPSHOT.jar:/home/xiushichao/maven/repo/org/springframework/spring-expression/5.3.26-SNAPSHOT/spring-expression-5.3.26-SNAPSHOT.jar:/home/xiushichao/maven/repo/org/springframework/boot/spring-boot-starter-test/2.7.10-SNAPSHOT/spring-boot-starter-test-2.7.10-SNAPSHOT.jar:/home/xiushichao/maven/repo/org/springframework/boot/spring-boot-test/2.7.10-SNAPSHOT/spring-boot-test-2.7.10-SNAPSHOT.jar:/home/xiushichao/maven/repo/org/springframework/boot/spring-boot-test-autoconfigure/2.7.10-SNAPSHOT/spring-boot-test-autoconfigure-2.7.10-SNAPSHOT.jar:/home/xiushichao/maven/repo/com/jayway/jsonpath/json-path/2.7.0/json-path-2.7.0.jar:/home/xiushichao/maven/repo/net/minidev/json-smart/2.4.8/json-smart-2.4.8.jar:/home/xiushichao/maven/repo/net/minidev/accessors-smart/2.4.8/accessors-smart-2.4.8.jar:/home/xiushichao/maven/repo/org/ow2/asm/asm/9.1/asm-9.1.jar:/home/xiushichao/maven/repo/org/slf4j/slf4j-api/1.7.36/slf4j-api-1.7.36.jar:/home/xiushichao/maven/repo/jakarta/xml/bind/jakarta.xml.bind-api/2.3.3/jakarta.xml.bind-api-2.3.3.jar:/home/xiushichao/maven/repo/jakarta/activation/jakarta.activation-api/1.2.2/jakarta.activation-api-1.2.2.jar:/home/xiushichao/maven/repo/org/assertj/assertj-core/3.22.0/assertj-core-3.22.0.jar:/home/xiushichao/maven/repo/org/hamcrest/hamcrest/2.2/hamcrest-2.2.jar:/home/xiushichao/maven/repo/org/junit/jupiter/junit-jupiter/5.8.2/junit-jupiter-5.8.2.jar:/home/xiushichao/maven/repo/org/junit/jupiter/junit-jupiter-api/5.8.2/junit-jupiter-api-5.8.2.jar:/home/xiushichao/maven/repo/org/opentest4j/opentest4j/1.2.0/opentest4j-1.2.0.jar:/home/xiushichao/maven/repo/org/junit/platform/junit-platform-commons/1.8.2/junit-platform-commons-1.8.2.jar:/home/xiushichao/maven/repo/org/apiguardian/apiguardian-api/1.1.2/apiguardian-api-1.1.2.jar:/home/xiushichao/maven/repo/org/junit/jupiter/junit-jupiter-params/5.8.2/junit-jupiter-params-5.8.2.jar:/home/xiushichao/maven/repo/org/junit/jupiter/junit-jupiter-engine/5.8.2/junit-jupiter-engine-5.8.2.jar:/home/xiushichao/maven/repo/org/junit/platform/junit-platform-engine/1.8.2/junit-platform-engine-1.8.2.jar:/home/xiushichao/maven/repo/org/mockito/mockito-core/4.5.1/mockito-core-4.5.1.jar:/home/xiushichao/maven/repo/net/bytebuddy/byte-buddy/1.12.23/byte-buddy-1.12.23.jar:/home/xiushichao/maven/repo/net/bytebuddy/byte-buddy-agent/1.12.23/byte-buddy-agent-1.12.23.jar:/home/xiushichao/maven/repo/org/objenesis/objenesis/3.2/objenesis-3.2.jar:/home/xiushichao/maven/repo/org/mockito/mockito-junit-jupiter/4.5.1/mockito-junit-jupiter-4.5.1.jar:/home/xiushichao/maven/repo/org/skyscreamer/jsonassert/1.5.1/jsonassert-1.5.1.jar:/home/xiushichao/maven/repo/com/vaadin/external/google/android-json/0.0.20131108.vaadin1/android-json-0.0.20131108.vaadin1.jar:/home/xiushichao/maven/repo/org/springframework/spring-core/5.3.26-SNAPSHOT/spring-core-5.3.26-SNAPSHOT.jar:/home/xiushichao/maven/repo/org/springframework/spring-jcl/5.3.26-SNAPSHOT/spring-jcl-5.3.26-SNAPSHOT.jar:/home/xiushichao/maven/repo/org/springframework/spring-test/5.3.26-SNAPSHOT/spring-test-5.3.26-SNAPSHOT.jar:/home/xiushichao/maven/repo/org/xmlunit/xmlunit-core/2.9.1/xmlunit-core-2.9.1.jar:"/>
    <property name="java.vm.vendor" value="Private Build"/>
    <property name="sun.arch.data.model" value="64"/>
    <property name="java.vendor.url" value="http://java.oracle.com/"/>
    <property name="user.timezone" value=""/>
    <property name="java.vm.specification.version" value="1.8"/>
    <property name="os.name" value="Linux"/>
    <property name="user.country" value="US"/>
    <property name="sun.java.launcher" value="SUN_STANDARD"/>
    <property name="sun.boot.library.path" value="/usr/lib/jvm/java-8-openjdk-amd64/jre/lib/amd64"/>
    <property name="sun.java.command" value="/home/xiushichao/workspace/websit/target/surefire/surefirebooter4942920756917386608.jar /home/xiushichao/workspace/websit/target/surefire 2023-03-11T12-27-26_635-jvmRun1 surefire6815121758393270837tmp surefire_01992397898225521685tmp"/>
    <property name="surefire.test.class.path" value="/home/xiushichao/workspace/websit/target/test-classes:/home/xiushichao/workspace/websit/target/classes:/home/xiushichao/maven/repo/org/springframework/boot/spring-boot-starter-web/2.7.10-SNAPSHOT/spring-boot-starter-web-2.7.10-SNAPSHOT.jar:/home/xiushichao/maven/repo/org/springframework/boot/spring-boot-starter/2.7.10-SNAPSHOT/spring-boot-starter-2.7.10-SNAPSHOT.jar:/home/xiushichao/maven/repo/org/springframework/boot/spring-boot/2.7.10-SNAPSHOT/spring-boot-2.7.10-SNAPSHOT.jar:/home/xiushichao/maven/repo/org/springframework/boot/spring-boot-autoconfigure/2.7.10-SNAPSHOT/spring-boot-autoconfigure-2.7.10-SNAPSHOT.jar:/home/xiushichao/maven/repo/org/springframework/boot/spring-boot-starter-logging/2.7.10-SNAPSHOT/spring-boot-starter-logging-2.7.10-SNAPSHOT.jar:/home/xiushichao/maven/repo/ch/qos/logback/logback-classic/1.2.11/logback-classic-1.2.11.jar:/home/xiushichao/maven/repo/ch/qos/logback/logback-core/1.2.11/logback-core-1.2.11.jar:/home/xiushichao/maven/repo/org/apache/logging/log4j/log4j-to-slf4j/2.17.2/log4j-to-slf4j-2.17.2.jar:/home/xiushichao/maven/repo/org/apache/logging/log4j/log4j-api/2.17.2/log4j-api-2.17.2.jar:/home/xiushichao/maven/repo/org/slf4j/jul-to-slf4j/1.7.36/jul-to-slf4j-1.7.36.jar:/home/xiushichao/maven/repo/jakarta/annotation/jakarta.annotation-api/1.3.5/jakarta.annotation-api-1.3.5.jar:/home/xiushichao/maven/repo/org/yaml/snakeyaml/1.30/snakeyaml-1.30.jar:/home/xiushichao/maven/repo/org/springframework/boot/spring-boot-starter-json/2.7.10-SNAPSHOT/spring-boot-starter-json-2.7.10-SNAPSHOT.jar:/home/xiushichao/maven/repo/com/fasterxml/jackson/core/jackson-databind/2.13.5/jackson-databind-2.13.5.jar:/home/xiushichao/maven/repo/com/fasterxml/jackson/core/jackson-annotations/2.13.5/jackson-annotations-2.13.5.jar:/home/xiushichao/maven/repo/com/fasterxml/jackson/core/jackson-core/2.13.5/jackson-core-2.13.5.jar:/home/xiushichao/maven/repo/com/fasterxml/jackson/datatype/jackson-datatype-jdk8/2.13.5/jackson-datatype-jdk8-2.13.5.jar:/home/xiushichao/maven/repo/com/fasterxml/jackson/datatype/jackson-datatype-jsr310/2.13.5/jackson-datatype-jsr310-2.13.5.jar:/home/xiushichao/maven/repo/com/fasterxml/jackson/module/jackson-module-parameter-names/2.13.5/jackson-module-parameter-names-2.13.5.jar:/home/xiushichao/maven/repo/org/springframework/boot/spring-boot-starter-tomcat/2.7.10-SNAPSHOT/spring-boot-starter-tomcat-2.7.10-SNAPSHOT.jar:/home/xiushichao/maven/repo/org/apache/tomcat/embed/tomcat-embed-core/9.0.71/tomcat-embed-core-9.0.71.jar:/home/xiushichao/maven/repo/org/apache/tomcat/embed/tomcat-embed-el/9.0.71/tomcat-embed-el-9.0.71.jar:/home/xiushichao/maven/repo/org/apache/tomcat/embed/tomcat-embed-websocket/9.0.71/tomcat-embed-websocket-9.0.71.jar:/home/xiushichao/maven/repo/org/springframework/spring-web/5.3.26-SNAPSHOT/spring-web-5.3.26-SNAPSHOT.jar:/home/xiushichao/maven/repo/org/springframework/spring-beans/5.3.26-SNAPSHOT/spring-beans-5.3.26-SNAPSHOT.jar:/home/xiushichao/maven/repo/org/springframework/spring-webmvc/5.3.26-SNAPSHOT/spring-webmvc-5.3.26-SNAPSHOT.jar:/home/xiushichao/maven/repo/org/springframework/spring-aop/5.3.26-SNAPSHOT/spring-aop-5.3.26-SNAPSHOT.jar:/home/xiushichao/maven/repo/org/springframework/spring-context/5.3.26-SNAPSHOT/spring-context-5.3.26-SNAPSHOT.jar:/home/xiushichao/maven/repo/org/springframework/spring-expression/5.3.26-SNAPSHOT/spring-expression-5.3.26-SNAPSHOT.jar:/home/xiushichao/maven/repo/org/springframework/boot/spring-boot-starter-test/2.7.10-SNAPSHOT/spring-boot-starter-test-2.7.10-SNAPSHOT.jar:/home/xiushichao/maven/repo/org/springframework/boot/spring-boot-test/2.7.10-SNAPSHOT/spring-boot-test-2.7.10-SNAPSHOT.jar:/home/xiushichao/maven/repo/org/springframework/boot/spring-boot-test-autoconfigure/2.7.10-SNAPSHOT/spring-boot-test-autoconfigure-2.7.10-SNAPSHOT.jar:/home/xiushichao/maven/repo/com/jayway/jsonpath/json-path/2.7.0/json-path-2.7.0.jar:/home/xiushichao/maven/repo/net/minidev/json-smart/2.4.8/json-smart-2.4.8.jar:/home/xiushichao/maven/repo/net/minidev/accessors-smart/2.4.8/accessors-smart-2.4.8.jar:/home/xiushichao/maven/repo/org/ow2/asm/asm/9.1/asm-9.1.jar:/home/xiushichao/maven/repo/org/slf4j/slf4j-api/1.7.36/slf4j-api-1.7.36.jar:/home/xiushichao/maven/repo/jakarta/xml/bind/jakarta.xml.bind-api/2.3.3/jakarta.xml.bind-api-2.3.3.jar:/home/xiushichao/maven/repo/jakarta/activation/jakarta.activation-api/1.2.2/jakarta.activation-api-1.2.2.jar:/home/xiushichao/maven/repo/org/assertj/assertj-core/3.22.0/assertj-core-3.22.0.jar:/home/xiushichao/maven/repo/org/hamcrest/hamcrest/2.2/hamcrest-2.2.jar:/home/xiushichao/maven/repo/org/junit/jupiter/junit-jupiter/5.8.2/junit-jupiter-5.8.2.jar:/home/xiushichao/maven/repo/org/junit/jupiter/junit-jupiter-api/5.8.2/junit-jupiter-api-5.8.2.jar:/home/xiushichao/maven/repo/org/opentest4j/opentest4j/1.2.0/opentest4j-1.2.0.jar:/home/xiushichao/maven/repo/org/junit/platform/junit-platform-commons/1.8.2/junit-platform-commons-1.8.2.jar:/home/xiushichao/maven/repo/org/apiguardian/apiguardian-api/1.1.2/apiguardian-api-1.1.2.jar:/home/xiushichao/maven/repo/org/junit/jupiter/junit-jupiter-params/5.8.2/junit-jupiter-params-5.8.2.jar:/home/xiushichao/maven/repo/org/junit/jupiter/junit-jupiter-engine/5.8.2/junit-jupiter-engine-5.8.2.jar:/home/xiushichao/maven/repo/org/junit/platform/junit-platform-engine/1.8.2/junit-platform-engine-1.8.2.jar:/home/xiushichao/maven/repo/org/mockito/mockito-core/4.5.1/mockito-core-4.5.1.jar:/home/xiushichao/maven/repo/net/bytebuddy/byte-buddy/1.12.23/byte-buddy-1.12.23.jar:/home/xiushichao/maven/repo/net/bytebuddy/byte-buddy-agent/1.12.23/byte-buddy-agent-1.12.23.jar:/home/xiushichao/maven/repo/org/objenesis/objenesis/3.2/objenesis-3.2.jar:/home/xiushichao/maven/repo/org/mockito/mockito-junit-jupiter/4.5.1/mockito-junit-jupiter-4.5.1.jar:/home/xiushichao/maven/repo/org/skyscreamer/jsonassert/1.5.1/jsonassert-1.5.1.jar:/home/xiushichao/maven/repo/com/vaadin/external/google/android-json/0.0.20131108.vaadin1/android-json-0.0.20131108.vaadin1.jar:/home/xiushichao/maven/repo/org/springframework/spring-core/5.3.26-SNAPSHOT/spring-core-5.3.26-SNAPSHOT.jar:/home/xiushichao/maven/repo/org/springframework/spring-jcl/5.3.26-SNAPSHOT/spring-jcl-5.3.26-SNAPSHOT.jar:/home/xiushichao/maven/repo/org/springframework/spring-test/5.3.26-SNAPSHOT/spring-test-5.3.26-SNAPSHOT.jar:/home/xiushichao/maven/repo/org/xmlunit/xmlunit-core/2.9.1/xmlunit-core-2.9.1.jar:"/>
    <property name="sun.cpu.endian" value="little"/>
    <property name="user.home" value="/root"/>
    <property name="user.language" value="en"/>
    <property name="java.specification.vendor" value="Oracle Corporation"/>
    <property name="java.home" value="/usr/lib/jvm/java-8-openjdk-amd64/jre"/>
    <property name="basedir" value="/home/xiushichao/workspace/websit"/>
    <property name="file.separator" value="/"/>
    <property name="line.separator" value="&#10;"/>
    <property name="java.vm.specification.vendor" value="Oracle Corporation"/>
    <property name="java.specification.name" value="Java Platform API Specification"/>
    <property name="java.awt.graphicsenv" value="sun.awt.X11GraphicsEnvironment"/>
    <property name="surefire.real.class.path" value="/home/xiushichao/workspace/websit/target/surefire/surefirebooter4942920756917386608.jar"/>
    <property name="sun.boot.class.path" value="/usr/lib/jvm/java-8-openjdk-amd64/jre/lib/resources.jar:/usr/lib/jvm/java-8-openjdk-amd64/jre/lib/rt.jar:/usr/lib/jvm/java-8-openjdk-amd64/jre/lib/sunrsasign.jar:/usr/lib/jvm/java-8-openjdk-amd64/jre/lib/jsse.jar:/usr/lib/jvm/java-8-openjdk-amd64/jre/lib/jce.jar:/usr/lib/jvm/java-8-openjdk-amd64/jre/lib/charsets.jar:/usr/lib/jvm/java-8-openjdk-amd64/jre/lib/jfr.jar:/usr/lib/jvm/java-8-openjdk-amd64/jre/classes"/>
    <property name="sun.management.compiler" value="HotSpot 64-Bit Tiered Compilers"/>
    <property name="java.runtime.version" value="1.8.0_362-8u362-ga-0ubuntu1~20.04.1-b09"/>
    <property name="user.name" value="root"/>
    <property name="path.separator" value=":"/>
    <property name="os.version" value="5.4.0-47-generic"/>
    <property name="java.endorsed.dirs" value="/usr/lib/jvm/java-8-openjdk-amd64/jre/lib/endorsed"/>
    <property name="java.runtime.name" value="OpenJDK Runtime Environment"/>
    <property name="file.encoding" value="UTF-8"/>
    <property name="java.vm.name" value="OpenJDK 64-Bit Server VM"/>
    <property name="localRepository" value="/home/xiushichao/maven/repo"/>
    <property name="java.vendor.url.bug" value="http://bugreport.sun.com/bugreport/"/>
    <property name="java.io.tmpdir" value="/tmp"/>
    <property name="java.version" value="1.8.0_362"/>
    <property name="user.dir" value="/home/xiushichao/workspace/websit"/>
    <property name="os.arch" value="amd64"/>
    <property name="SkipTests" value="true"/>
    <property name="java.vm.specification.name" value="Java Virtual Machine Specification"/>
    <property name="java.awt.printerjob" value="sun.print.PSPrinterJob"/>
    <property name="sun.os.patch.level" value="unknown"/>
    <property name="java.library.path" value="/usr/java/packages/lib/amd64:/usr/lib/x86_64-linux-gnu/jni:/lib/x86_64-linux-gnu:/usr/lib/x86_64-linux-gnu:/usr/lib/jni:/lib:/usr/lib"/>
    <property name="java.vm.info" value="mixed mode"/>
    <property name="java.vendor" value="Private Build"/>
    <property name="java.vm.version" value="25.362-b09"/>
    <property name="java.specification.maintenance.version" value="4"/>
    <property name="java.ext.dirs" value="/usr/lib/jvm/java-8-openjdk-amd64/jre/lib/ext:/usr/java/packages/lib/ext"/>
    <property name="sun.io.unicode.encoding" value="UnicodeLittle"/>
    <property name="java.class.version" value="52.0"/>
  </properties>
  <testcase name="contextLoads" classname="com.xiushichao.websit.WebsitApplicationTests" time="0.283"/>
</testsuite>